<?xml version="1.0" encoding="UTF-8"?>
<testng-results skipped="0" failed="0" total="1" passed="1">
  <reporter-output>
  </reporter-output>
  <suite name="Default suite" duration-ms="17040" started-at="2015-09-06T08:10:30Z" finished-at="2015-09-06T08:10:47Z">
    <groups>
    </groups>
    <test name="Default test" duration-ms="17040" started-at="2015-09-06T08:10:30Z" finished-at="2015-09-06T08:10:47Z">
      <class name="package1.Facebook">
        <test-method status="PASS" signature="beforeClass()[pri:0, instance:package1.Facebook@285fdb25]" name="beforeClass" is-config="true" duration-ms="9163" started-at="2015-09-06T13:40:30Z" finished-at="2015-09-06T13:40:39Z">
          <reporter-output>
          </reporter-output>
        </test-method> <!-- beforeClass -->
        <test-method status="PASS" signature="testFrames_Test()[pri:0, instance:package1.Facebook@285fdb25]" name="testFrames_Test" duration-ms="7670" started-at="2015-09-06T13:40:39Z" finished-at="2015-09-06T13:40:47Z">
          <reporter-output>
          </reporter-output>
        </test-method> <!-- testFrames_Test -->
        <test-method status="PASS" signature="afterClass()[pri:0, instance:package1.Facebook@285fdb25]" name="afterClass" is-config="true" duration-ms="192" started-at="2015-09-06T13:40:47Z" finished-at="2015-09-06T13:40:47Z">
          <reporter-output>
          </reporter-output>
        </test-method> <!-- afterClass -->
      </class> <!-- package1.Facebook -->
    </test> <!-- Default test -->
  </suite> <!-- Default suite -->
</testng-results>
